<?xml version="1.0" encoding="UTF-8"?>
<!-- Generated by org.testng.reporters.JUnitReportReporter -->
<testsuite skipped="0" hostname="LAPTOP-GM8CG01F" name="com.course.cases.TestDemo1" tests="1" failures="0" timestamp="17 Jul 2021 16:15:26 GMT" time="0.534" errors="0">
  <testcase name="test1" time="0.534" classname="com.course.cases.TestDemo1"/>
</testsuite> <!-- com.course.cases.TestDemo1 -->
